<?xml version="1.0" encoding="UTF-8"?>
<!-- Generated by org.testng.reporters.JUnitReportReporter -->
<testsuite skipped="0" hostname="LAPTOP-S1LVCJIH" name="com.testcases.Validate_Tc_01_Get_Categories" tests="1" failures="0" timestamp="16 Feb 2020 10:25:38 GMT" time="5.509" errors="0">
  <testcase name="Tc_01_Get_Categories" time="5.509" classname="com.testcases.Validate_Tc_01_Get_Categories"/>
</testsuite> <!-- com.testcases.Validate_Tc_01_Get_Categories -->
